c:\users\administrator\desktop\baitang-clock\x64\release\baitang-clock.pdb
c:\users\administrator\desktop\baitang-clock\x64\release\baitang-clock.exe
c:\users\administrator\desktop\baitang-clock\baitang-clock\x64\release\clearscreen.obj
c:\users\administrator\desktop\baitang-clock\baitang-clock\x64\release\ring.obj
c:\users\administrator\desktop\baitang-clock\baitang-clock\x64\release\smallegg.obj
c:\users\administrator\desktop\baitang-clock\baitang-clock\x64\release\hello.obj
c:\users\administrator\desktop\baitang-clock\baitang-clock\x64\release\quit.obj
c:\users\administrator\desktop\baitang-clock\baitang-clock\x64\release\main.obj
c:\users\administrator\desktop\baitang-clock\baitang-clock\x64\release\baitang-clock.res
c:\users\administrator\desktop\baitang-clock\baitang-clock\x64\release\vc142.pdb
c:\users\administrator\desktop\baitang-clock\baitang-clock\x64\release\baitang-clock.tlog\cl.command.1.tlog
c:\users\administrator\desktop\baitang-clock\baitang-clock\x64\release\baitang-clock.tlog\clang-cl.command.1.tlog
c:\users\administrator\desktop\baitang-clock\baitang-clock\x64\release\baitang-clock.tlog\lld-link.command.1.tlog
c:\users\administrator\desktop\baitang-clock\baitang-clock\x64\release\baitang-clock.tlog\lld-link.delete.1.tlog
c:\users\administrator\desktop\baitang-clock\baitang-clock\x64\release\baitang-clock.tlog\lld-link.read.1.tlog
c:\users\administrator\desktop\baitang-clock\baitang-clock\x64\release\baitang-clock.tlog\lld-link.read.2.tlog
c:\users\administrator\desktop\baitang-clock\baitang-clock\x64\release\baitang-clock.tlog\lld-link.read.3.tlog
c:\users\administrator\desktop\baitang-clock\baitang-clock\x64\release\baitang-clock.tlog\lld-link.read.4.tlog
c:\users\administrator\desktop\baitang-clock\baitang-clock\x64\release\baitang-clock.tlog\lld-link.write.1.tlog
c:\users\administrator\desktop\baitang-clock\baitang-clock\x64\release\baitang-clock.tlog\microsoft.build.cpptasks.cl.read.1.tlog
c:\users\administrator\desktop\baitang-clock\baitang-clock\x64\release\baitang-clock.tlog\microsoft.build.cpptasks.cl.write.1.tlog
c:\users\administrator\desktop\baitang-clock\baitang-clock\x64\release\baitang-clock.tlog\rc.command.1.tlog
c:\users\administrator\desktop\baitang-clock\baitang-clock\x64\release\baitang-clock.tlog\rc.read.1.tlog
c:\users\administrator\desktop\baitang-clock\baitang-clock\x64\release\baitang-clock.tlog\rc.write.1.tlog
